{"C:\\Users\\Sira_the_niqqabist\\Desktop\\AZUBI-TMP\\gclient-registration-system\\backend\\src\\app.ts": {"path":"C:\\Users\\Sira_the_niqqabist\\Desktop\\AZUBI-TMP\\gclient-registration-system\\backend\\src\\app.ts","statementMap":{"0":{"start":{"line":8,"column":19},"end":{"line":8,"column":28}},"1":{"start":{"line":11,"column":0},"end":{"line":11,"column":24}},"2":{"start":{"line":12,"column":0},"end":{"line":12,"column":48}},"3":{"start":{"line":14,"column":0},"end":{"line":19,"column":4}},"4":{"start":{"line":21,"column":0},"end":{"line":21,"column":23}},"5":{"start":{"line":23,"column":0},"end":{"line":25,"column":3}},"6":{"start":{"line":24,"column":4},"end":{"line":24,"column":63}},"7":{"start":{"line":27,"column":0},"end":{"line":31,"column":3}},"8":{"start":{"line":28,"column":4},"end":{"line":30,"column":7}}},"fnMap":{"0":{"name":"(anonymous_0)","decl":{"start":{"line":23,"column":13},"end":{"line":23,"column":14}},"loc":{"start":{"line":23,"column":27},"end":{"line":25,"column":1}},"line":23},"1":{"name":"(anonymous_1)","decl":{"start":{"line":27,"column":8},"end":{"line":27,"column":9}},"loc":{"start":{"line":27,"column":22},"end":{"line":31,"column":1}},"line":27}},"branchMap":{},"s":{"0":1,"1":1,"2":1,"3":1,"4":1,"5":1,"6":1,"7":1,"8":1},"f":{"0":1,"1":1},"b":{},"_coverageSchema":"1a1c01bbd47fc00a2c39e90264f33305004495a9","hash":"290687c99a25d3ae113a5557172fa7e998042fb8"}
}
